  [1m[35m (30.8ms)[0m  [1m[35mCREATE TABLE "schema_migrations" ("version" character varying PRIMARY KEY)[0m
  [1m[35m (10.8ms)[0m  [1m[35mCREATE TABLE "ar_internal_metadata" ("key" character varying PRIMARY KEY, "value" character varying, "created_at" timestamp NOT NULL, "updated_at" timestamp NOT NULL)[0m
  [1m[35m (3.7ms)[0m  [1m[34mSELECT pg_try_advisory_lock(3183810296231075805);[0m
  [1m[36mActiveRecord::SchemaMigration Load (0.9ms)[0m  [1m[34mSELECT "schema_migrations".* FROM "schema_migrations"[0m
Migrating to CreateUsers (20160805125547)
  [1m[35m (2.5ms)[0m  [1m[35mBEGIN[0m
  [1m[35m (37.2ms)[0m  [1m[35mCREATE TABLE "users" ("id" serial primary key, "first_name" character varying, "last_name" character varying, "bio" text, "username" character varying, "profile_pic" character varying, "created_at" timestamp NOT NULL, "updated_at" timestamp NOT NULL)[0m
  [1m[35mSQL (9.7ms)[0m  [1m[32mINSERT INTO "schema_migrations" ("version") VALUES ($1) RETURNING "version"[0m  [["version", "20160805125547"]]
  [1m[35m (3.3ms)[0m  [1m[35mCOMMIT[0m
  [1m[36mActiveRecord::InternalMetadata Load (3.6ms)[0m  [1m[34mSELECT  "ar_internal_metadata".* FROM "ar_internal_metadata" WHERE "ar_internal_metadata"."key" = $1 LIMIT $2[0m  [["key", :environment], ["LIMIT", 1]]
  [1m[35m (0.2ms)[0m  [1m[35mBEGIN[0m
  [1m[35mSQL (2.8ms)[0m  [1m[32mINSERT INTO "ar_internal_metadata" ("key", "value", "created_at", "updated_at") VALUES ($1, $2, $3, $4) RETURNING "key"[0m  [["key", "environment"], ["value", "development"], ["created_at", 2016-08-05 13:05:10 UTC], ["updated_at", 2016-08-05 13:05:10 UTC]]
  [1m[35m (2.6ms)[0m  [1m[35mCOMMIT[0m
  [1m[35m (0.5ms)[0m  [1m[34mSELECT pg_advisory_unlock(3183810296231075805)[0m
  [1m[36mActiveRecord::SchemaMigration Load (0.5ms)[0m  [1m[34mSELECT "schema_migrations".* FROM "schema_migrations"[0m
  [1m[35m (9.9ms)[0m  [1m[34mSELECT t2.oid::regclass::text AS to_table, a1.attname AS column, a2.attname AS primary_key, c.conname AS name, c.confupdtype AS on_update, c.confdeltype AS on_delete
FROM pg_constraint c
JOIN pg_class t1 ON c.conrelid = t1.oid
JOIN pg_class t2 ON c.confrelid = t2.oid
JOIN pg_attribute a1 ON a1.attnum = c.conkey[1] AND a1.attrelid = t1.oid
JOIN pg_attribute a2 ON a2.attnum = c.confkey[1] AND a2.attrelid = t2.oid
JOIN pg_namespace t3 ON c.connamespace = t3.oid
WHERE c.contype = 'f'
  AND t1.relname = 'users'
  AND t3.nspname = ANY (current_schemas(false))
ORDER BY c.conname
[0m
Started GET "/" for ::1 at 2016-08-05 14:18:28 +0100
  [1m[36mActiveRecord::SchemaMigration Load (0.9ms)[0m  [1m[34mSELECT "schema_migrations".* FROM "schema_migrations"[0m
  
AbstractController::ActionNotFound (The action 'homepage' could not be found for StaticsController):
  
actionpack (5.0.0) lib/abstract_controller/base.rb:121:in `process'
actionview (5.0.0) lib/action_view/rendering.rb:30:in `process'
actionpack (5.0.0) lib/action_controller/metal.rb:190:in `dispatch'
actionpack (5.0.0) lib/action_controller/metal.rb:262:in `dispatch'
actionpack (5.0.0) lib/action_dispatch/routing/route_set.rb:50:in `dispatch'
actionpack (5.0.0) lib/action_dispatch/routing/route_set.rb:32:in `serve'
actionpack (5.0.0) lib/action_dispatch/journey/router.rb:39:in `block in serve'
actionpack (5.0.0) lib/action_dispatch/journey/router.rb:26:in `each'
actionpack (5.0.0) lib/action_dispatch/journey/router.rb:26:in `serve'
actionpack (5.0.0) lib/action_dispatch/routing/route_set.rb:725:in `call'
rack (2.0.1) lib/rack/etag.rb:25:in `call'
rack (2.0.1) lib/rack/conditional_get.rb:25:in `call'
rack (2.0.1) lib/rack/head.rb:12:in `call'
rack (2.0.1) lib/rack/session/abstract/id.rb:222:in `context'
rack (2.0.1) lib/rack/session/abstract/id.rb:216:in `call'
actionpack (5.0.0) lib/action_dispatch/middleware/cookies.rb:613:in `call'
activerecord (5.0.0) lib/active_record/migration.rb:552:in `call'
actionpack (5.0.0) lib/action_dispatch/middleware/callbacks.rb:38:in `block in call'
activesupport (5.0.0) lib/active_support/callbacks.rb:97:in `__run_callbacks__'
activesupport (5.0.0) lib/active_support/callbacks.rb:750:in `_run_call_callbacks'
activesupport (5.0.0) lib/active_support/callbacks.rb:90:in `run_callbacks'
actionpack (5.0.0) lib/action_dispatch/middleware/callbacks.rb:36:in `call'
actionpack (5.0.0) lib/action_dispatch/middleware/executor.rb:12:in `call'
actionpack (5.0.0) lib/action_dispatch/middleware/remote_ip.rb:79:in `call'
actionpack (5.0.0) lib/action_dispatch/middleware/debug_exceptions.rb:49:in `call'
web-console (3.3.1) lib/web_console/middleware.rb:131:in `call_app'
web-console (3.3.1) lib/web_console/middleware.rb:28:in `block in call'
web-console (3.3.1) lib/web_console/middleware.rb:18:in `catch'
web-console (3.3.1) lib/web_console/middleware.rb:18:in `call'
actionpack (5.0.0) lib/action_dispatch/middleware/show_exceptions.rb:31:in `call'
railties (5.0.0) lib/rails/rack/logger.rb:36:in `call_app'
railties (5.0.0) lib/rails/rack/logger.rb:24:in `block in call'
activesupport (5.0.0) lib/active_support/tagged_logging.rb:70:in `block in tagged'
activesupport (5.0.0) lib/active_support/tagged_logging.rb:26:in `tagged'
activesupport (5.0.0) lib/active_support/tagged_logging.rb:70:in `tagged'
railties (5.0.0) lib/rails/rack/logger.rb:24:in `call'
sprockets-rails (3.1.1) lib/sprockets/rails/quiet_assets.rb:13:in `call'
actionpack (5.0.0) lib/action_dispatch/middleware/request_id.rb:24:in `call'
rack (2.0.1) lib/rack/method_override.rb:22:in `call'
rack (2.0.1) lib/rack/runtime.rb:22:in `call'
activesupport (5.0.0) lib/active_support/cache/strategy/local_cache_middleware.rb:28:in `call'
actionpack (5.0.0) lib/action_dispatch/middleware/executor.rb:12:in `call'
actionpack (5.0.0) lib/action_dispatch/middleware/static.rb:136:in `call'
rack (2.0.1) lib/rack/sendfile.rb:111:in `call'
railties (5.0.0) lib/rails/engine.rb:522:in `call'
puma (3.6.0) lib/puma/configuration.rb:225:in `call'
puma (3.6.0) lib/puma/server.rb:578:in `handle_request'
puma (3.6.0) lib/puma/server.rb:415:in `process_client'
puma (3.6.0) lib/puma/server.rb:275:in `block in run'
puma (3.6.0) lib/puma/thread_pool.rb:116:in `block in spawn_thread'
  Rendering /Users/JLMacAir/.rbenv/versions/2.3.1/lib/ruby/gems/2.3.0/gems/actionpack-5.0.0/lib/action_dispatch/middleware/templates/rescues/unknown_action.html.erb within rescues/layout
  Rendered /Users/JLMacAir/.rbenv/versions/2.3.1/lib/ruby/gems/2.3.0/gems/actionpack-5.0.0/lib/action_dispatch/middleware/templates/rescues/unknown_action.html.erb within rescues/layout (16.1ms)
Started GET "/" for ::1 at 2016-08-05 14:18:59 +0100
Processing by StaticsController#home as HTML
  Rendering statics/home.html.erb within layouts/application
  Rendered statics/home.html.erb within layouts/application (0.6ms)
Completed 200 OK in 797ms (Views: 767.1ms | ActiveRecord: 0.0ms)


Started GET "/users/1" for ::1 at 2016-08-05 14:19:12 +0100
Processing by UsersController#show as HTML
  Parameters: {"id"=>"1"}
  [1m[36mUser Load (2.8ms)[0m  [1m[34mSELECT  "users".* FROM "users" WHERE "users"."id" = $1 LIMIT $2[0m  [["id", 1], ["LIMIT", 1]]
Completed 404 Not Found in 36ms (ActiveRecord: 9.8ms)


  
ActiveRecord::RecordNotFound (Couldn't find User with 'id'=1):
  
app/controllers/users_controller.rb:3:in `show'
  Rendering /Users/JLMacAir/.rbenv/versions/2.3.1/lib/ruby/gems/2.3.0/gems/actionpack-5.0.0/lib/action_dispatch/middleware/templates/rescues/diagnostics.html.erb within rescues/layout
  Rendering /Users/JLMacAir/.rbenv/versions/2.3.1/lib/ruby/gems/2.3.0/gems/actionpack-5.0.0/lib/action_dispatch/middleware/templates/rescues/_source.html.erb
  Rendered /Users/JLMacAir/.rbenv/versions/2.3.1/lib/ruby/gems/2.3.0/gems/actionpack-5.0.0/lib/action_dispatch/middleware/templates/rescues/_source.html.erb (14.4ms)
  Rendering /Users/JLMacAir/.rbenv/versions/2.3.1/lib/ruby/gems/2.3.0/gems/actionpack-5.0.0/lib/action_dispatch/middleware/templates/rescues/_trace.html.erb
  Rendered /Users/JLMacAir/.rbenv/versions/2.3.1/lib/ruby/gems/2.3.0/gems/actionpack-5.0.0/lib/action_dispatch/middleware/templates/rescues/_trace.html.erb (2.9ms)
  Rendering /Users/JLMacAir/.rbenv/versions/2.3.1/lib/ruby/gems/2.3.0/gems/actionpack-5.0.0/lib/action_dispatch/middleware/templates/rescues/_request_and_response.html.erb
  Rendered /Users/JLMacAir/.rbenv/versions/2.3.1/lib/ruby/gems/2.3.0/gems/actionpack-5.0.0/lib/action_dispatch/middleware/templates/rescues/_request_and_response.html.erb (1.7ms)
  Rendered /Users/JLMacAir/.rbenv/versions/2.3.1/lib/ruby/gems/2.3.0/gems/actionpack-5.0.0/lib/action_dispatch/middleware/templates/rescues/diagnostics.html.erb within rescues/layout (99.5ms)
